Using pre-set license
Built from '2020.3/china_unity/release' branch; Version is '2020.3.12f1c1 (5887f62ce680) revision 5801974'; Using compiler version '192528614'; Build Type 'Release'
OS: 'Windows 10 Home China; OS build 19043.1110; Version 2009; 64bit' Language: 'zh' Physical Memory: 8035 MB
BatchMode: 1, IsHumanControllingUs: 0, StartBugReporterOnCrash: 0, Is64bit: 1, IsPro: 0

 COMMAND LINE ARGUMENTS:
C:\Program Files\Unity\Hub\Editor\2020.3.12f1c1\Editor\Unity.exe
-adb2
-batchMode
-noUpm
-name
AssetImportWorker0
-projectPath
C:/Users/15480/Documents/GitHub/VFX_CS_JOBS_LAB
-logFile
Logs/AssetImportWorker0.log
-srvPort
14492
Successfully changed project path to: C:/Users/15480/Documents/GitHub/VFX_CS_JOBS_LAB
C:/Users/15480/Documents/GitHub/VFX_CS_JOBS_LAB
Using Asset Import Pipeline V2.
Refreshing native plugins compatible for Editor in 145.42 ms, found 2 plugins.
Preloading 0 native plugins for Editor in 0.00 ms.
Initialize engine version: 2020.3.12f1c1 (5887f62ce680)
[Subsystems] Discovering subsystems at path C:/Program Files/Unity/Hub/Editor/2020.3.12f1c1/Editor/Data/Resources/UnitySubsystems
[Subsystems] Discovering subsystems at path C:/Users/15480/Documents/GitHub/VFX_CS_JOBS_LAB/Assets
GfxDevice: creating device client; threaded=0
Direct3D:
    Version:  Direct3D 11.0 [level 11.1]
    Renderer: NVIDIA GeForce GTX 1650 (ID=0x1f91)
    Vendor:   
    VRAM:     3962 MB
    Driver:   30.0.14.7111
Shader 'Universal Render Pipeline/Particles/Lit': fallback shader 'Universal Render Pipeline/Particles/SimpleLit' not found
Initialize mono
Mono path[0] = 'C:/Program Files/Unity/Hub/Editor/2020.3.12f1c1/Editor/Data/Managed'
Mono path[1] = 'C:/Program Files/Unity/Hub/Editor/2020.3.12f1c1/Editor/Data/MonoBleedingEdge/lib/mono/unityjit'
Mono config path = 'C:/Program Files/Unity/Hub/Editor/2020.3.12f1c1/Editor/Data/MonoBleedingEdge/etc'
Using monoOptions --debugger-agent=transport=dt_socket,embedding=1,server=y,suspend=n,address=127.0.0.1:56312
Begin MonoManager ReloadAssembly
Registering precompiled unity dll's ...
Register platform support module: C:/Program Files/Unity/Hub/Editor/2020.3.12f1c1/Editor/Data/PlaybackEngines/WindowsStandaloneSupport/UnityEditor.WindowsStandalone.Extensions.dll
Registered in 0.010563 seconds.
Native extension for WindowsStandalone target not found
Refreshing native plugins compatible for Editor in 60.15 ms, found 2 plugins.
Preloading 0 native plugins for Editor in 0.00 ms.
Mono: successfully reloaded assembly
- Completed reload, in  1.888 seconds
Platform modules already initialized, skipping
Registering precompiled user dll's ...
Registered in 0.020553 seconds.
Begin MonoManager ReloadAssembly
Native extension for WindowsStandalone target not found
Refreshing native plugins compatible for Editor in 65.21 ms, found 2 plugins.
Preloading 0 native plugins for Editor in 0.00 ms.
Mono: successfully reloaded assembly
- Completed reload, in  1.705 seconds
Platform modules already initialized, skipping
========================================================================
Worker process is ready to serve import requests
Shader 'Universal Render Pipeline/Particles/Lit': fallback shader 'Universal Render Pipeline/Particles/SimpleLit' not found
Launched and connected shader compiler UnityShaderCompiler.exe after 0.13 seconds
Refreshing native plugins compatible for Editor in 0.91 ms, found 2 plugins.
Preloading 0 native plugins for Editor in 0.00 ms.
Unloading 3218 Unused Serialized files (Serialized files now loaded: 0)
System memory in use before: 137.5 MB.
System memory in use after: 137.7 MB.

Unloading 19 unused Assets to reduce memory usage. Loaded Objects now: 3653.
Total: 3.120200 ms (FindLiveObjects: 0.346100 ms CreateObjectMapping: 0.194100 ms MarkObjects: 2.490500 ms  DeleteObjects: 0.087900 ms)

AssetImportParameters requested are different than current active one (requested -> active):
  custom:framework-win-MediaFoundation: 216162199b28c13a410421893ffa2e32 -> 
  custom:video-decoder-ogg-theora: a1e56fd34408186e4bbccfd4996cb3dc -> 
  custom:container-muxer-webm: aa71ff27fc2769a1b78a27578f13a17b -> 
  custom:container-demuxer-webm: 4f35f7cbe854078d1ac9338744f61a02 -> 
  custom:container-demuxer-ogg: 62fdf1f143b41e24485cea50d1cbac27 -> 
  custom:video-encoder-webm-vp8: eb34c28f22e8b96e1ab97ce403110664 -> 
  custom:video-decoder-webm-vp8: 9c59270c3fd7afecdb556c50c9e8de78 -> 
  custom:audio-decoder-ogg-vorbis: bf7c407c2cedff20999df2af8eb42d56 -> 
  custom:audio-encoder-webm-vorbis: bf7c407c2cedff20999df2af8eb42d56 -> 
========================================================================
Received Import Request.
  path: Assets/Lab1/New Graph.vfx
  artifactKey: Guid(0d590d02333fd5e4a948731ee79f9d27) Importer(815301076,1909f56bfc062723c751e8b465ee728b)
Start importing Assets/Lab1/New Graph.vfx using Guid(0d590d02333fd5e4a948731ee79f9d27) Importer(815301076,1909f56bfc062723c751e8b465ee728b)  -> (artifact id: '10b19692e198359fdfba1fe11d8181c5') in 0.094248 seconds 
  Import took 0.101620 seconds .

========================================================================
Received Import Request.
  Time since last request: 337.289289 seconds.
  path: Assets/Lab1/New Graph.vfx
  artifactKey: Guid(0d590d02333fd5e4a948731ee79f9d27) Importer(815301076,1909f56bfc062723c751e8b465ee728b)
Start importing Assets/Lab1/New Graph.vfx using Guid(0d590d02333fd5e4a948731ee79f9d27) Importer(815301076,1909f56bfc062723c751e8b465ee728b)  -> (artifact id: 'ca5c3981db6cba93179a85e85bf8b0d4') in 0.007801 seconds 
  Import took 0.016266 seconds .

========================================================================
Received Import Request.
  Time since last request: 1.279156 seconds.
  path: Assets/Lab1/New Graph.vfx
  artifactKey: Guid(0d590d02333fd5e4a948731ee79f9d27) Importer(815301076,1909f56bfc062723c751e8b465ee728b)
Start importing Assets/Lab1/New Graph.vfx using Guid(0d590d02333fd5e4a948731ee79f9d27) Importer(815301076,1909f56bfc062723c751e8b465ee728b)  -> (artifact id: '70081e0d10a4109abfd02a314c0f3893') in 0.034328 seconds 
  Import took 0.040546 seconds .

========================================================================
Received Import Request.
  Time since last request: 0.006014 seconds.
  path: Assets/Lab1/New Graph.vfx
  artifactKey: Guid(0d590d02333fd5e4a948731ee79f9d27) Importer(815301076,1909f56bfc062723c751e8b465ee728b)
Start importing Assets/Lab1/New Graph.vfx using Guid(0d590d02333fd5e4a948731ee79f9d27) Importer(815301076,1909f56bfc062723c751e8b465ee728b)  -> (artifact id: '70081e0d10a4109abfd02a314c0f3893') in 0.018685 seconds 
  Import took 0.024616 seconds .

========================================================================
Received Import Request.
  Time since last request: 14.631927 seconds.
  path: Assets/Lab1/New Graph.vfx
  artifactKey: Guid(0d590d02333fd5e4a948731ee79f9d27) Importer(815301076,1909f56bfc062723c751e8b465ee728b)
Start importing Assets/Lab1/New Graph.vfx using Guid(0d590d02333fd5e4a948731ee79f9d27) Importer(815301076,1909f56bfc062723c751e8b465ee728b)  -> (artifact id: '04c35222b843dac2e617ea4bdf65d8f9') in 0.006606 seconds 
  Import took 0.011992 seconds .

========================================================================
Received Import Request.
  Time since last request: 2.103517 seconds.
  path: Assets/Lab1/New Graph.vfx
  artifactKey: Guid(0d590d02333fd5e4a948731ee79f9d27) Importer(815301076,1909f56bfc062723c751e8b465ee728b)
Start importing Assets/Lab1/New Graph.vfx using Guid(0d590d02333fd5e4a948731ee79f9d27) Importer(815301076,1909f56bfc062723c751e8b465ee728b)  -> (artifact id: 'c559b68f0fb8c63fcb7a6a0d4f8ff1fe') in 0.009152 seconds 
  Import took 0.015665 seconds .

========================================================================
Received Import Request.
  Time since last request: 3.396272 seconds.
  path: Assets/Lab1/New Graph.vfx
  artifactKey: Guid(0d590d02333fd5e4a948731ee79f9d27) Importer(815301076,1909f56bfc062723c751e8b465ee728b)
Start importing Assets/Lab1/New Graph.vfx using Guid(0d590d02333fd5e4a948731ee79f9d27) Importer(815301076,1909f56bfc062723c751e8b465ee728b)  -> (artifact id: 'b36b8efe3b2995d42eb4973b71fdf63d') in 0.006764 seconds 
  Import took 0.013346 seconds .

========================================================================
Received Import Request.
  Time since last request: 7.390072 seconds.
  path: Assets/Lab1/New Graph.vfx
  artifactKey: Guid(0d590d02333fd5e4a948731ee79f9d27) Importer(815301076,1909f56bfc062723c751e8b465ee728b)
Start importing Assets/Lab1/New Graph.vfx using Guid(0d590d02333fd5e4a948731ee79f9d27) Importer(815301076,1909f56bfc062723c751e8b465ee728b)  -> (artifact id: 'bb0f87a6015d3462f0efd0bd28341fcd') in 0.006482 seconds 
  Import took 0.011628 seconds .

========================================================================
Received Import Request.
  Time since last request: 16.629932 seconds.
  path: Assets/Lab1/New Graph.vfx
  artifactKey: Guid(0d590d02333fd5e4a948731ee79f9d27) Importer(815301076,1909f56bfc062723c751e8b465ee728b)
Start importing Assets/Lab1/New Graph.vfx using Guid(0d590d02333fd5e4a948731ee79f9d27) Importer(815301076,1909f56bfc062723c751e8b465ee728b)  -> (artifact id: 'd67b367b0a8ce74d150b589ee7dbb56e') in 0.006598 seconds 
  Import took 0.011658 seconds .

========================================================================
Received Import Request.
  Time since last request: 1.278926 seconds.
  path: Assets/Lab1/New Graph.vfx
  artifactKey: Guid(0d590d02333fd5e4a948731ee79f9d27) Importer(815301076,1909f56bfc062723c751e8b465ee728b)
Start importing Assets/Lab1/New Graph.vfx using Guid(0d590d02333fd5e4a948731ee79f9d27) Importer(815301076,1909f56bfc062723c751e8b465ee728b)  -> (artifact id: '7203df884e344a364ab75e81fe5a4274') in 0.006767 seconds 
  Import took 0.011892 seconds .

========================================================================
Received Import Request.
  Time since last request: 24.077679 seconds.
  path: Assets/Lab1/Particles.vfx
  artifactKey: Guid(0d590d02333fd5e4a948731ee79f9d27) Importer(815301076,1909f56bfc062723c751e8b465ee728b)
Start importing Assets/Lab1/Particles.vfx using Guid(0d590d02333fd5e4a948731ee79f9d27) Importer(815301076,1909f56bfc062723c751e8b465ee728b)  -> (artifact id: 'bb34edb02e74bc19392d2828e389172a') in 0.006848 seconds 
  Import took 0.013145 seconds .

AssetImportWorkerClient::OnTransportError - code=2 error=End of file
