Using pre-set license
Built from '2020.3/china_unity/release' branch; Version is '2020.3.12f1c1 (5887f62ce680) revision 5801974'; Using compiler version '192528614'; Build Type 'Release'
OS: 'Windows 10 Pro; OS build 19043.1110; Version 2009; 64bit' Language: 'zh' Physical Memory: 16097 MB
BatchMode: 1, IsHumanControllingUs: 0, StartBugReporterOnCrash: 0, Is64bit: 1, IsPro: 0

 COMMAND LINE ARGUMENTS:
C:\Program Files\Unity 2020.3.12f1c1\Editor\Unity.exe
-adb2
-batchMode
-noUpm
-name
AssetImportWorker0
-projectPath
C:/Users/yangchenghua/Documents/GitHub/VFX_CS_JOBS_LAB
-logFile
Logs/AssetImportWorker0.log
-srvPort
57574
Successfully changed project path to: C:/Users/yangchenghua/Documents/GitHub/VFX_CS_JOBS_LAB
C:/Users/yangchenghua/Documents/GitHub/VFX_CS_JOBS_LAB
Using Asset Import Pipeline V2.
Refreshing native plugins compatible for Editor in 153.52 ms, found 2 plugins.
Preloading 0 native plugins for Editor in 0.00 ms.
Initialize engine version: 2020.3.12f1c1 (5887f62ce680)
[Subsystems] Discovering subsystems at path C:/Program Files/Unity 2020.3.12f1c1/Editor/Data/Resources/UnitySubsystems
[Subsystems] Discovering subsystems at path C:/Users/yangchenghua/Documents/GitHub/VFX_CS_JOBS_LAB/Assets
GfxDevice: creating device client; threaded=0
Direct3D:
    Version:  Direct3D 11.0 [level 11.1]
    Renderer: NVIDIA GeForce RTX 2060 SUPER (ID=0x1f06)
    Vendor:   
    VRAM:     8031 MB
    Driver:   30.0.14.7168
Shader 'Universal Render Pipeline/Particles/Lit': fallback shader 'Universal Render Pipeline/Particles/SimpleLit' not found
Initialize mono
Mono path[0] = 'C:/Program Files/Unity 2020.3.12f1c1/Editor/Data/Managed'
Mono path[1] = 'C:/Program Files/Unity 2020.3.12f1c1/Editor/Data/MonoBleedingEdge/lib/mono/unityjit'
Mono config path = 'C:/Program Files/Unity 2020.3.12f1c1/Editor/Data/MonoBleedingEdge/etc'
Using monoOptions --debugger-agent=transport=dt_socket,embedding=1,server=y,suspend=n,address=127.0.0.1:56228
Begin MonoManager ReloadAssembly
Registering precompiled unity dll's ...
Register platform support module: C:/Program Files/Unity 2020.3.12f1c1/Editor/Data/PlaybackEngines/WindowsStandaloneSupport/UnityEditor.WindowsStandalone.Extensions.dll
Registered in 0.003871 seconds.
Native extension for WindowsStandalone target not found
Refreshing native plugins compatible for Editor in 45.65 ms, found 2 plugins.
Preloading 0 native plugins for Editor in 0.00 ms.
Mono: successfully reloaded assembly
- Completed reload, in  0.918 seconds
Platform modules already initialized, skipping
Registering precompiled user dll's ...
Registered in 0.007557 seconds.
Begin MonoManager ReloadAssembly
Native extension for WindowsStandalone target not found
Refreshing native plugins compatible for Editor in 45.98 ms, found 2 plugins.
Preloading 0 native plugins for Editor in 0.00 ms.
Mono: successfully reloaded assembly
- Completed reload, in  1.058 seconds
Platform modules already initialized, skipping
========================================================================
Worker process is ready to serve import requests
Shader 'Universal Render Pipeline/Particles/Lit': fallback shader 'Universal Render Pipeline/Particles/SimpleLit' not found
Launched and connected shader compiler UnityShaderCompiler.exe after 0.10 seconds
Refreshing native plugins compatible for Editor in 0.48 ms, found 2 plugins.
Preloading 0 native plugins for Editor in 0.00 ms.
Unloading 3218 Unused Serialized files (Serialized files now loaded: 0)
System memory in use before: 140.5 MB.
System memory in use after: 140.7 MB.

Unloading 19 unused Assets to reduce memory usage. Loaded Objects now: 3655.
Total: 2.373800 ms (FindLiveObjects: 0.312300 ms CreateObjectMapping: 0.165700 ms MarkObjects: 1.827000 ms  DeleteObjects: 0.067800 ms)

AssetImportParameters requested are different than current active one (requested -> active):
  custom:framework-win-MediaFoundation: 216162199b28c13a410421893ffa2e32 -> 
  custom:video-decoder-ogg-theora: a1e56fd34408186e4bbccfd4996cb3dc -> 
  custom:container-muxer-webm: aa71ff27fc2769a1b78a27578f13a17b -> 
  custom:container-demuxer-webm: 4f35f7cbe854078d1ac9338744f61a02 -> 
  custom:container-demuxer-ogg: 62fdf1f143b41e24485cea50d1cbac27 -> 
  custom:video-encoder-webm-vp8: eb34c28f22e8b96e1ab97ce403110664 -> 
  custom:video-decoder-webm-vp8: 9c59270c3fd7afecdb556c50c9e8de78 -> 
  custom:audio-decoder-ogg-vorbis: bf7c407c2cedff20999df2af8eb42d56 -> 
  custom:audio-encoder-webm-vorbis: bf7c407c2cedff20999df2af8eb42d56 -> 
========================================================================
Received Import Request.
  path: Assets/Lab1/New Graph.vfx
  artifactKey: Guid(0d590d02333fd5e4a948731ee79f9d27) Importer(815301076,1909f56bfc062723c751e8b465ee728b)
Start importing Assets/Lab1/New Graph.vfx using Guid(0d590d02333fd5e4a948731ee79f9d27) Importer(815301076,1909f56bfc062723c751e8b465ee728b)  -> (artifact id: 'de41e05de3e00bdc730d61901375176f') in 0.031484 seconds 
  Import took 0.035662 seconds .

========================================================================
Received Import Request.
  Time since last request: 80.026570 seconds.
  path: Assets/Lab1/New Graph.vfx
  artifactKey: Guid(0d590d02333fd5e4a948731ee79f9d27) Importer(815301076,1909f56bfc062723c751e8b465ee728b)
Start importing Assets/Lab1/New Graph.vfx using Guid(0d590d02333fd5e4a948731ee79f9d27) Importer(815301076,1909f56bfc062723c751e8b465ee728b)  -> (artifact id: 'e771202d05142b3a9a5f1ab36dafb2b0') in 0.004474 seconds 
  Import took 0.008589 seconds .

========================================================================
Received Import Request.
  Time since last request: 25.951881 seconds.
  path: Assets/Lab1/New Graph.vfx
  artifactKey: Guid(0d590d02333fd5e4a948731ee79f9d27) Importer(815301076,1909f56bfc062723c751e8b465ee728b)
Start importing Assets/Lab1/New Graph.vfx using Guid(0d590d02333fd5e4a948731ee79f9d27) Importer(815301076,1909f56bfc062723c751e8b465ee728b)  -> (artifact id: '5b8b3f2597f7eaf04e24fca7bd5eb5bb') in 0.005034 seconds 
  Import took 0.010696 seconds .

========================================================================
Received Import Request.
  Time since last request: 6.828540 seconds.
  path: Assets/Lab1/New Graph.vfx
  artifactKey: Guid(0d590d02333fd5e4a948731ee79f9d27) Importer(815301076,1909f56bfc062723c751e8b465ee728b)
Start importing Assets/Lab1/New Graph.vfx using Guid(0d590d02333fd5e4a948731ee79f9d27) Importer(815301076,1909f56bfc062723c751e8b465ee728b)  -> (artifact id: '71390f0ce9789e9d87de1523fbcdec60') in 0.004897 seconds 
  Import took 0.009748 seconds .

========================================================================
Received Import Request.
  Time since last request: 21.471764 seconds.
  path: Assets/Lab1/New Graph.vfx
  artifactKey: Guid(0d590d02333fd5e4a948731ee79f9d27) Importer(815301076,1909f56bfc062723c751e8b465ee728b)
Start importing Assets/Lab1/New Graph.vfx using Guid(0d590d02333fd5e4a948731ee79f9d27) Importer(815301076,1909f56bfc062723c751e8b465ee728b)  -> (artifact id: '0cc7751fe4aa14c322ac25a75caf8b24') in 0.004756 seconds 
  Import took 0.010393 seconds .

========================================================================
Received Import Request.
  Time since last request: 31.598636 seconds.
  path: Assets/Lab1/New Graph.vfx
  artifactKey: Guid(0d590d02333fd5e4a948731ee79f9d27) Importer(815301076,1909f56bfc062723c751e8b465ee728b)
Start importing Assets/Lab1/New Graph.vfx using Guid(0d590d02333fd5e4a948731ee79f9d27) Importer(815301076,1909f56bfc062723c751e8b465ee728b)  -> (artifact id: '7a872951e60ff409d238ad1723b4ba4d') in 0.004179 seconds 
  Import took 0.008257 seconds .

========================================================================
Received Import Request.
  Time since last request: 3.104387 seconds.
  path: Assets/Lab1/New Graph.vfx
  artifactKey: Guid(0d590d02333fd5e4a948731ee79f9d27) Importer(815301076,1909f56bfc062723c751e8b465ee728b)
Start importing Assets/Lab1/New Graph.vfx using Guid(0d590d02333fd5e4a948731ee79f9d27) Importer(815301076,1909f56bfc062723c751e8b465ee728b)  -> (artifact id: 'bbd7a7f5377d3f0ca9c43b95154af864') in 0.004550 seconds 
  Import took 0.009597 seconds .

========================================================================
Received Import Request.
  Time since last request: 6.869445 seconds.
  path: Assets/Lab1/New Graph.vfx
  artifactKey: Guid(0d590d02333fd5e4a948731ee79f9d27) Importer(815301076,1909f56bfc062723c751e8b465ee728b)
Start importing Assets/Lab1/New Graph.vfx using Guid(0d590d02333fd5e4a948731ee79f9d27) Importer(815301076,1909f56bfc062723c751e8b465ee728b)  -> (artifact id: 'ac4b59cf97ed2b5326fa1f35e922fdf8') in 0.004070 seconds 
  Import took 0.008405 seconds .

========================================================================
Received Prepare
Registering precompiled user dll's ...
Registered in 0.007099 seconds.
Begin MonoManager ReloadAssembly
Native extension for WindowsStandalone target not found
Refreshing native plugins compatible for Editor in 0.51 ms, found 2 plugins.
Preloading 0 native plugins for Editor in 0.00 ms.
Mono: successfully reloaded assembly
- Completed reload, in  1.009 seconds
Platform modules already initialized, skipping
Shader 'Universal Render Pipeline/Particles/Lit': fallback shader 'Universal Render Pipeline/Particles/SimpleLit' not found
Refreshing native plugins compatible for Editor in 0.88 ms, found 2 plugins.
Preloading 0 native plugins for Editor in 0.00 ms.
Unloading 3101 Unused Serialized files (Serialized files now loaded: 0)
System memory in use before: 132.7 MB.
System memory in use after: 132.9 MB.

Unloading 14 unused Assets to reduce memory usage. Loaded Objects now: 3658.
Total: 2.132000 ms (FindLiveObjects: 0.301400 ms CreateObjectMapping: 0.143900 ms MarkObjects: 1.665500 ms  DeleteObjects: 0.019900 ms)

AssetImportParameters requested are different than current active one (requested -> active):
  custom:framework-win-MediaFoundation: 216162199b28c13a410421893ffa2e32 -> 
  custom:video-decoder-ogg-theora: a1e56fd34408186e4bbccfd4996cb3dc -> 
  custom:container-muxer-webm: aa71ff27fc2769a1b78a27578f13a17b -> 
  custom:container-demuxer-webm: 4f35f7cbe854078d1ac9338744f61a02 -> 
  custom:container-demuxer-ogg: 62fdf1f143b41e24485cea50d1cbac27 -> 
  custom:video-encoder-webm-vp8: eb34c28f22e8b96e1ab97ce403110664 -> 
  custom:video-decoder-webm-vp8: 9c59270c3fd7afecdb556c50c9e8de78 -> 
  custom:audio-decoder-ogg-vorbis: bf7c407c2cedff20999df2af8eb42d56 -> 
  custom:audio-encoder-webm-vorbis: bf7c407c2cedff20999df2af8eb42d56 -> 
========================================================================
Received Import Request.
  Time since last request: 36.533321 seconds.
  path: Assets/Lab1/New Graph.vfx
  artifactKey: Guid(0d590d02333fd5e4a948731ee79f9d27) Importer(815301076,1909f56bfc062723c751e8b465ee728b)
Start importing Assets/Lab1/New Graph.vfx using Guid(0d590d02333fd5e4a948731ee79f9d27) Importer(815301076,1909f56bfc062723c751e8b465ee728b)  -> (artifact id: '78e81b07e279d9301c4a140b82a7c978') in 0.028634 seconds 
  Import took 0.033488 seconds .

========================================================================
Received Import Request.
  Time since last request: 37.274237 seconds.
  path: Assets/Lab1/New Graph.vfx
  artifactKey: Guid(0d590d02333fd5e4a948731ee79f9d27) Importer(815301076,1909f56bfc062723c751e8b465ee728b)
Start importing Assets/Lab1/New Graph.vfx using Guid(0d590d02333fd5e4a948731ee79f9d27) Importer(815301076,1909f56bfc062723c751e8b465ee728b)  -> (artifact id: '969b3ea22437174aab0b6e4380726909') in 0.004262 seconds 
  Import took 0.008739 seconds .

========================================================================
Received Import Request.
  Time since last request: 2.579019 seconds.
  path: Assets/Lab1/New Graph.vfx
  artifactKey: Guid(0d590d02333fd5e4a948731ee79f9d27) Importer(815301076,1909f56bfc062723c751e8b465ee728b)
Start importing Assets/Lab1/New Graph.vfx using Guid(0d590d02333fd5e4a948731ee79f9d27) Importer(815301076,1909f56bfc062723c751e8b465ee728b)  -> (artifact id: 'af637f056e0f09616c587ac46b7c575b') in 0.005533 seconds 
  Import took 0.010950 seconds .

========================================================================
Received Import Request.
  Time since last request: 4.032456 seconds.
  path: Assets/Lab1/New Graph.vfx
  artifactKey: Guid(0d590d02333fd5e4a948731ee79f9d27) Importer(815301076,1909f56bfc062723c751e8b465ee728b)
Start importing Assets/Lab1/New Graph.vfx using Guid(0d590d02333fd5e4a948731ee79f9d27) Importer(815301076,1909f56bfc062723c751e8b465ee728b)  -> (artifact id: 'dc527c751747cdf81af004f77f0d3520') in 0.004230 seconds 
  Import took 0.008420 seconds .

========================================================================
Received Prepare
Registering precompiled user dll's ...
Registered in 0.007457 seconds.
Begin MonoManager ReloadAssembly
Native extension for WindowsStandalone target not found
Refreshing native plugins compatible for Editor in 0.52 ms, found 2 plugins.
Preloading 0 native plugins for Editor in 0.00 ms.
Mono: successfully reloaded assembly
- Completed reload, in  1.033 seconds
Platform modules already initialized, skipping
Shader 'Universal Render Pipeline/Particles/Lit': fallback shader 'Universal Render Pipeline/Particles/SimpleLit' not found
Refreshing native plugins compatible for Editor in 0.63 ms, found 2 plugins.
Preloading 0 native plugins for Editor in 0.00 ms.
Unloading 3101 Unused Serialized files (Serialized files now loaded: 0)
System memory in use before: 132.8 MB.
System memory in use after: 133.0 MB.

Unloading 14 unused Assets to reduce memory usage. Loaded Objects now: 3661.
Total: 2.161400 ms (FindLiveObjects: 0.290500 ms CreateObjectMapping: 0.144400 ms MarkObjects: 1.699000 ms  DeleteObjects: 0.026400 ms)

AssetImportParameters requested are different than current active one (requested -> active):
  custom:framework-win-MediaFoundation: 216162199b28c13a410421893ffa2e32 -> 
  custom:video-decoder-ogg-theora: a1e56fd34408186e4bbccfd4996cb3dc -> 
  custom:container-muxer-webm: aa71ff27fc2769a1b78a27578f13a17b -> 
  custom:container-demuxer-webm: 4f35f7cbe854078d1ac9338744f61a02 -> 
  custom:container-demuxer-ogg: 62fdf1f143b41e24485cea50d1cbac27 -> 
  custom:video-encoder-webm-vp8: eb34c28f22e8b96e1ab97ce403110664 -> 
  custom:video-decoder-webm-vp8: 9c59270c3fd7afecdb556c50c9e8de78 -> 
  custom:audio-decoder-ogg-vorbis: bf7c407c2cedff20999df2af8eb42d56 -> 
  custom:audio-encoder-webm-vorbis: bf7c407c2cedff20999df2af8eb42d56 -> 
========================================================================
Received Import Request.
  Time since last request: 22.785999 seconds.
  path: Assets/Lab1/New Graph.vfx
  artifactKey: Guid(0d590d02333fd5e4a948731ee79f9d27) Importer(815301076,1909f56bfc062723c751e8b465ee728b)
Start importing Assets/Lab1/New Graph.vfx using Guid(0d590d02333fd5e4a948731ee79f9d27) Importer(815301076,1909f56bfc062723c751e8b465ee728b)  -> (artifact id: '43567e8fd074abfcb0a0cb5e57a1ca65') in 0.028976 seconds 
  Import took 0.034515 seconds .

========================================================================
Received Prepare
Registering precompiled user dll's ...
Registered in 0.007131 seconds.
Begin MonoManager ReloadAssembly
Native extension for WindowsStandalone target not found
Refreshing native plugins compatible for Editor in 0.52 ms, found 2 plugins.
Preloading 0 native plugins for Editor in 0.00 ms.
Mono: successfully reloaded assembly
- Completed reload, in  0.999 seconds
Platform modules already initialized, skipping
Shader 'Universal Render Pipeline/Particles/Lit': fallback shader 'Universal Render Pipeline/Particles/SimpleLit' not found
Refreshing native plugins compatible for Editor in 0.53 ms, found 2 plugins.
Preloading 0 native plugins for Editor in 0.00 ms.
Unloading 3101 Unused Serialized files (Serialized files now loaded: 0)
System memory in use before: 132.8 MB.
System memory in use after: 133.0 MB.

Unloading 14 unused Assets to reduce memory usage. Loaded Objects now: 3664.
Total: 2.239200 ms (FindLiveObjects: 0.276800 ms CreateObjectMapping: 0.125200 ms MarkObjects: 1.819400 ms  DeleteObjects: 0.016800 ms)

AssetImportParameters requested are different than current active one (requested -> active):
  custom:framework-win-MediaFoundation: 216162199b28c13a410421893ffa2e32 -> 
  custom:video-decoder-ogg-theora: a1e56fd34408186e4bbccfd4996cb3dc -> 
  custom:container-muxer-webm: aa71ff27fc2769a1b78a27578f13a17b -> 
  custom:container-demuxer-webm: 4f35f7cbe854078d1ac9338744f61a02 -> 
  custom:container-demuxer-ogg: 62fdf1f143b41e24485cea50d1cbac27 -> 
  custom:video-encoder-webm-vp8: eb34c28f22e8b96e1ab97ce403110664 -> 
  custom:video-decoder-webm-vp8: 9c59270c3fd7afecdb556c50c9e8de78 -> 
  custom:audio-decoder-ogg-vorbis: bf7c407c2cedff20999df2af8eb42d56 -> 
  custom:audio-encoder-webm-vorbis: bf7c407c2cedff20999df2af8eb42d56 -> 
========================================================================
Received Import Request.
  Time since last request: 61.095633 seconds.
  path: Assets/Lab1/New Graph.vfx
  artifactKey: Guid(0d590d02333fd5e4a948731ee79f9d27) Importer(815301076,1909f56bfc062723c751e8b465ee728b)
Start importing Assets/Lab1/New Graph.vfx using Guid(0d590d02333fd5e4a948731ee79f9d27) Importer(815301076,1909f56bfc062723c751e8b465ee728b)  -> (artifact id: 'a77408b7a0f09bdb0d5eddd7c22b2717') in 0.024537 seconds 
  Import took 0.028734 seconds .

========================================================================
Received Import Request.
  Time since last request: 25.215110 seconds.
  path: Assets/Lab1/New Graph.vfx
  artifactKey: Guid(0d590d02333fd5e4a948731ee79f9d27) Importer(815301076,1909f56bfc062723c751e8b465ee728b)
Start importing Assets/Lab1/New Graph.vfx using Guid(0d590d02333fd5e4a948731ee79f9d27) Importer(815301076,1909f56bfc062723c751e8b465ee728b)  -> (artifact id: '4ec04653205726865e7195e29eb926ff') in 0.005679 seconds 
  Import took 0.011755 seconds .

========================================================================
Received Import Request.
  Time since last request: 1.489550 seconds.
  path: Assets/Lab1/New Graph.vfx
  artifactKey: Guid(0d590d02333fd5e4a948731ee79f9d27) Importer(815301076,1909f56bfc062723c751e8b465ee728b)
Start importing Assets/Lab1/New Graph.vfx using Guid(0d590d02333fd5e4a948731ee79f9d27) Importer(815301076,1909f56bfc062723c751e8b465ee728b)  -> (artifact id: '00025d61f614d11831ca30f21f0989c5') in 0.004098 seconds 
  Import took 0.008868 seconds .

========================================================================
Received Import Request.
  Time since last request: 4.298305 seconds.
  path: Assets/Lab1/New Graph.vfx
  artifactKey: Guid(0d590d02333fd5e4a948731ee79f9d27) Importer(815301076,1909f56bfc062723c751e8b465ee728b)
Start importing Assets/Lab1/New Graph.vfx using Guid(0d590d02333fd5e4a948731ee79f9d27) Importer(815301076,1909f56bfc062723c751e8b465ee728b)  -> (artifact id: 'c27ca89db9dc965610ef51af80900a5d') in 0.004088 seconds 
  Import took 0.008307 seconds .

========================================================================
Received Prepare
Registering precompiled user dll's ...
Registered in 0.007355 seconds.
Begin MonoManager ReloadAssembly
Native extension for WindowsStandalone target not found
Refreshing native plugins compatible for Editor in 0.55 ms, found 2 plugins.
Preloading 0 native plugins for Editor in 0.00 ms.
Mono: successfully reloaded assembly
- Completed reload, in  1.009 seconds
Platform modules already initialized, skipping
Shader 'Universal Render Pipeline/Particles/Lit': fallback shader 'Universal Render Pipeline/Particles/SimpleLit' not found
Refreshing native plugins compatible for Editor in 0.55 ms, found 2 plugins.
Preloading 0 native plugins for Editor in 0.00 ms.
Unloading 3101 Unused Serialized files (Serialized files now loaded: 0)
System memory in use before: 132.8 MB.
System memory in use after: 133.0 MB.

Unloading 14 unused Assets to reduce memory usage. Loaded Objects now: 3667.
Total: 2.846400 ms (FindLiveObjects: 0.284700 ms CreateObjectMapping: 0.147400 ms MarkObjects: 2.390900 ms  DeleteObjects: 0.018600 ms)

AssetImportParameters requested are different than current active one (requested -> active):
  custom:framework-win-MediaFoundation: 216162199b28c13a410421893ffa2e32 -> 
  custom:video-decoder-ogg-theora: a1e56fd34408186e4bbccfd4996cb3dc -> 
  custom:container-muxer-webm: aa71ff27fc2769a1b78a27578f13a17b -> 
  custom:container-demuxer-webm: 4f35f7cbe854078d1ac9338744f61a02 -> 
  custom:container-demuxer-ogg: 62fdf1f143b41e24485cea50d1cbac27 -> 
  custom:video-encoder-webm-vp8: eb34c28f22e8b96e1ab97ce403110664 -> 
  custom:video-decoder-webm-vp8: 9c59270c3fd7afecdb556c50c9e8de78 -> 
  custom:audio-decoder-ogg-vorbis: bf7c407c2cedff20999df2af8eb42d56 -> 
  custom:audio-encoder-webm-vorbis: bf7c407c2cedff20999df2af8eb42d56 -> 
========================================================================
Received Import Request.
  Time since last request: 44.166585 seconds.
  path: Assets/Lab1/New Graph.vfx
  artifactKey: Guid(0d590d02333fd5e4a948731ee79f9d27) Importer(815301076,1909f56bfc062723c751e8b465ee728b)
Start importing Assets/Lab1/New Graph.vfx using Guid(0d590d02333fd5e4a948731ee79f9d27) Importer(815301076,1909f56bfc062723c751e8b465ee728b)  -> (artifact id: '8dc79ab64dd90432ba66137c60eb2c3d') in 0.027605 seconds 
  Import took 0.032158 seconds .

========================================================================
Received Import Request.
  Time since last request: 17.280029 seconds.
  path: Assets/Lab1/New Graph.vfx
  artifactKey: Guid(0d590d02333fd5e4a948731ee79f9d27) Importer(815301076,1909f56bfc062723c751e8b465ee728b)
Start importing Assets/Lab1/New Graph.vfx using Guid(0d590d02333fd5e4a948731ee79f9d27) Importer(815301076,1909f56bfc062723c751e8b465ee728b)  -> (artifact id: 'b2bcb697d4b523aff8f9cd715e13bab4') in 0.003932 seconds 
  Import took 0.007753 seconds .

========================================================================
Received Import Request.
  Time since last request: 26.418719 seconds.
  path: Assets/Lab1/New Graph.vfx
  artifactKey: Guid(0d590d02333fd5e4a948731ee79f9d27) Importer(815301076,1909f56bfc062723c751e8b465ee728b)
Start importing Assets/Lab1/New Graph.vfx using Guid(0d590d02333fd5e4a948731ee79f9d27) Importer(815301076,1909f56bfc062723c751e8b465ee728b)  -> (artifact id: 'b2abc36a15f080f1aac2a5e4a0f2bb29') in 0.004287 seconds 
  Import took 0.008781 seconds .

========================================================================
Received Import Request.
  Time since last request: 5.890346 seconds.
  path: Assets/Lab1/New Graph.vfx
  artifactKey: Guid(0d590d02333fd5e4a948731ee79f9d27) Importer(815301076,1909f56bfc062723c751e8b465ee728b)
Start importing Assets/Lab1/New Graph.vfx using Guid(0d590d02333fd5e4a948731ee79f9d27) Importer(815301076,1909f56bfc062723c751e8b465ee728b)  -> (artifact id: '5e2a65b21dc340f0e8ab839c4cf6199f') in 0.004323 seconds 
  Import took 0.008609 seconds .

========================================================================
Received Prepare
Registering precompiled user dll's ...
Registered in 0.007296 seconds.
Begin MonoManager ReloadAssembly
Native extension for WindowsStandalone target not found
Refreshing native plugins compatible for Editor in 0.94 ms, found 2 plugins.
Preloading 0 native plugins for Editor in 0.00 ms.
Mono: successfully reloaded assembly
- Completed reload, in  0.985 seconds
Platform modules already initialized, skipping
Shader 'Universal Render Pipeline/Particles/Lit': fallback shader 'Universal Render Pipeline/Particles/SimpleLit' not found
Refreshing native plugins compatible for Editor in 0.52 ms, found 2 plugins.
Preloading 0 native plugins for Editor in 0.00 ms.
Unloading 3101 Unused Serialized files (Serialized files now loaded: 0)
System memory in use before: 132.8 MB.
System memory in use after: 133.1 MB.

Unloading 14 unused Assets to reduce memory usage. Loaded Objects now: 3670.
Total: 2.840200 ms (FindLiveObjects: 0.319300 ms CreateObjectMapping: 0.149700 ms MarkObjects: 2.353400 ms  DeleteObjects: 0.016600 ms)

AssetImportParameters requested are different than current active one (requested -> active):
  custom:framework-win-MediaFoundation: 216162199b28c13a410421893ffa2e32 -> 
  custom:video-decoder-ogg-theora: a1e56fd34408186e4bbccfd4996cb3dc -> 
  custom:container-muxer-webm: aa71ff27fc2769a1b78a27578f13a17b -> 
  custom:container-demuxer-webm: 4f35f7cbe854078d1ac9338744f61a02 -> 
  custom:container-demuxer-ogg: 62fdf1f143b41e24485cea50d1cbac27 -> 
  custom:video-encoder-webm-vp8: eb34c28f22e8b96e1ab97ce403110664 -> 
  custom:video-decoder-webm-vp8: 9c59270c3fd7afecdb556c50c9e8de78 -> 
  custom:audio-decoder-ogg-vorbis: bf7c407c2cedff20999df2af8eb42d56 -> 
  custom:audio-encoder-webm-vorbis: bf7c407c2cedff20999df2af8eb42d56 -> 
========================================================================
Received Import Request.
  Time since last request: 29.795230 seconds.
  path: Assets/Lab1/New Graph.vfx
  artifactKey: Guid(0d590d02333fd5e4a948731ee79f9d27) Importer(815301076,1909f56bfc062723c751e8b465ee728b)
Start importing Assets/Lab1/New Graph.vfx using Guid(0d590d02333fd5e4a948731ee79f9d27) Importer(815301076,1909f56bfc062723c751e8b465ee728b)  -> (artifact id: 'c6b8640821bee6abf3ba31140fa542ad') in 0.034768 seconds 
  Import took 0.040377 seconds .

========================================================================
Received Import Request.
  Time since last request: 24.580728 seconds.
  path: Assets/Lab1/New Graph.vfx
  artifactKey: Guid(0d590d02333fd5e4a948731ee79f9d27) Importer(815301076,1909f56bfc062723c751e8b465ee728b)
Start importing Assets/Lab1/New Graph.vfx using Guid(0d590d02333fd5e4a948731ee79f9d27) Importer(815301076,1909f56bfc062723c751e8b465ee728b)  -> (artifact id: 'fab3bd8194a44f71257a4fb9b8b87ca2') in 0.004746 seconds 
  Import took 0.009701 seconds .

========================================================================
Received Import Request.
  Time since last request: 18.067671 seconds.
  path: Assets/Lab1/New Graph.vfx
  artifactKey: Guid(0d590d02333fd5e4a948731ee79f9d27) Importer(815301076,1909f56bfc062723c751e8b465ee728b)
Start importing Assets/Lab1/New Graph.vfx using Guid(0d590d02333fd5e4a948731ee79f9d27) Importer(815301076,1909f56bfc062723c751e8b465ee728b)  -> (artifact id: 'bff209a1c707d245a0239cd7b59d7daf') in 0.004410 seconds 
  Import took 0.008802 seconds .

========================================================================
Received Prepare
Registering precompiled user dll's ...
Registered in 0.007107 seconds.
Begin MonoManager ReloadAssembly
Native extension for WindowsStandalone target not found
Refreshing native plugins compatible for Editor in 0.51 ms, found 2 plugins.
Preloading 0 native plugins for Editor in 0.00 ms.
Mono: successfully reloaded assembly
- Completed reload, in  0.958 seconds
Platform modules already initialized, skipping
Shader 'Universal Render Pipeline/Particles/Lit': fallback shader 'Universal Render Pipeline/Particles/SimpleLit' not found
Refreshing native plugins compatible for Editor in 0.55 ms, found 2 plugins.
Preloading 0 native plugins for Editor in 0.00 ms.
Unloading 3101 Unused Serialized files (Serialized files now loaded: 0)
System memory in use before: 132.8 MB.
System memory in use after: 133.1 MB.

Unloading 14 unused Assets to reduce memory usage. Loaded Objects now: 3673.
Total: 2.170000 ms (FindLiveObjects: 0.303300 ms CreateObjectMapping: 0.141300 ms MarkObjects: 1.702900 ms  DeleteObjects: 0.021500 ms)

AssetImportParameters requested are different than current active one (requested -> active):
  custom:framework-win-MediaFoundation: 216162199b28c13a410421893ffa2e32 -> 
  custom:video-decoder-ogg-theora: a1e56fd34408186e4bbccfd4996cb3dc -> 
  custom:container-muxer-webm: aa71ff27fc2769a1b78a27578f13a17b -> 
  custom:container-demuxer-webm: 4f35f7cbe854078d1ac9338744f61a02 -> 
  custom:container-demuxer-ogg: 62fdf1f143b41e24485cea50d1cbac27 -> 
  custom:video-encoder-webm-vp8: eb34c28f22e8b96e1ab97ce403110664 -> 
  custom:video-decoder-webm-vp8: 9c59270c3fd7afecdb556c50c9e8de78 -> 
  custom:audio-decoder-ogg-vorbis: bf7c407c2cedff20999df2af8eb42d56 -> 
  custom:audio-encoder-webm-vorbis: bf7c407c2cedff20999df2af8eb42d56 -> 
========================================================================
Received Import Request.
  Time since last request: 12.087192 seconds.
  path: Assets/Lab1/New Graph.vfx
  artifactKey: Guid(0d590d02333fd5e4a948731ee79f9d27) Importer(815301076,1909f56bfc062723c751e8b465ee728b)
Start importing Assets/Lab1/New Graph.vfx using Guid(0d590d02333fd5e4a948731ee79f9d27) Importer(815301076,1909f56bfc062723c751e8b465ee728b)  -> (artifact id: '01527dd1aff43c41be05c1d3d2546113') in 0.022840 seconds 
  Import took 0.027012 seconds .

========================================================================
Received Import Request.
  Time since last request: 27.648651 seconds.
  path: Assets/Lab1/New Graph.vfx
  artifactKey: Guid(0d590d02333fd5e4a948731ee79f9d27) Importer(815301076,1909f56bfc062723c751e8b465ee728b)
Start importing Assets/Lab1/New Graph.vfx using Guid(0d590d02333fd5e4a948731ee79f9d27) Importer(815301076,1909f56bfc062723c751e8b465ee728b)  -> (artifact id: '74851def122761f1da714503f155ed89') in 0.004183 seconds 
  Import took 0.008267 seconds .

========================================================================
Received Import Request.
  Time since last request: 2.485861 seconds.
  path: Assets/Lab1/New Graph.vfx
  artifactKey: Guid(0d590d02333fd5e4a948731ee79f9d27) Importer(815301076,1909f56bfc062723c751e8b465ee728b)
Start importing Assets/Lab1/New Graph.vfx using Guid(0d590d02333fd5e4a948731ee79f9d27) Importer(815301076,1909f56bfc062723c751e8b465ee728b)  -> (artifact id: '91b76608e580540f0de420dff71b3a0c') in 0.004431 seconds 
  Import took 0.008962 seconds .

========================================================================
Received Import Request.
  Time since last request: 103.059441 seconds.
  path: Assets/Lab1/New Graph.vfx
  artifactKey: Guid(0d590d02333fd5e4a948731ee79f9d27) Importer(815301076,1909f56bfc062723c751e8b465ee728b)
Start importing Assets/Lab1/New Graph.vfx using Guid(0d590d02333fd5e4a948731ee79f9d27) Importer(815301076,1909f56bfc062723c751e8b465ee728b)  -> (artifact id: '5ca33fc5c701e8ac8382cc1da8c7498b') in 0.005076 seconds 
  Import took 0.009692 seconds .

========================================================================
Received Import Request.
  Time since last request: 2.997898 seconds.
  path: Assets/Lab1/New Graph.vfx
  artifactKey: Guid(0d590d02333fd5e4a948731ee79f9d27) Importer(815301076,1909f56bfc062723c751e8b465ee728b)
Start importing Assets/Lab1/New Graph.vfx using Guid(0d590d02333fd5e4a948731ee79f9d27) Importer(815301076,1909f56bfc062723c751e8b465ee728b)  -> (artifact id: '9d46bb70ebd4d4e55b430ff4005878ee') in 0.004359 seconds 
  Import took 0.009450 seconds .

========================================================================
Received Import Request.
  Time since last request: 134.222619 seconds.
  path: Assets/Lab1/New Graph.vfx
  artifactKey: Guid(0d590d02333fd5e4a948731ee79f9d27) Importer(815301076,1909f56bfc062723c751e8b465ee728b)
Start importing Assets/Lab1/New Graph.vfx using Guid(0d590d02333fd5e4a948731ee79f9d27) Importer(815301076,1909f56bfc062723c751e8b465ee728b)  -> (artifact id: '30080d09542848dee27c2367b90bc635') in 0.004961 seconds 
  Import took 0.010553 seconds .

========================================================================
Received Import Request.
  Time since last request: 388.018642 seconds.
  path: Assets/Lab1/New Graph.vfx
  artifactKey: Guid(0d590d02333fd5e4a948731ee79f9d27) Importer(815301076,1909f56bfc062723c751e8b465ee728b)
Start importing Assets/Lab1/New Graph.vfx using Guid(0d590d02333fd5e4a948731ee79f9d27) Importer(815301076,1909f56bfc062723c751e8b465ee728b)  -> (artifact id: '669f6e634d9cd8cb40cfccf5266991f8') in 0.004618 seconds 
  Import took 0.009709 seconds .

========================================================================
Received Import Request.
  Time since last request: 12.724219 seconds.
  path: Assets/Lab1/New Graph.vfx
  artifactKey: Guid(0d590d02333fd5e4a948731ee79f9d27) Importer(815301076,1909f56bfc062723c751e8b465ee728b)
Start importing Assets/Lab1/New Graph.vfx using Guid(0d590d02333fd5e4a948731ee79f9d27) Importer(815301076,1909f56bfc062723c751e8b465ee728b)  -> (artifact id: '6fa6653be762ba64dfe9be010112edc5') in 0.004104 seconds 
  Import took 0.008179 seconds .

========================================================================
Received Import Request.
  Time since last request: 4.073755 seconds.
  path: Assets/Lab1/New Graph.vfx
  artifactKey: Guid(0d590d02333fd5e4a948731ee79f9d27) Importer(815301076,1909f56bfc062723c751e8b465ee728b)
Start importing Assets/Lab1/New Graph.vfx using Guid(0d590d02333fd5e4a948731ee79f9d27) Importer(815301076,1909f56bfc062723c751e8b465ee728b)  -> (artifact id: 'f1bc207db220492a93468359e19cc81d') in 0.004285 seconds 
  Import took 0.008589 seconds .

========================================================================
Received Import Request.
  Time since last request: 5.111532 seconds.
  path: Assets/Lab1/New Graph.vfx
  artifactKey: Guid(0d590d02333fd5e4a948731ee79f9d27) Importer(815301076,1909f56bfc062723c751e8b465ee728b)
Start importing Assets/Lab1/New Graph.vfx using Guid(0d590d02333fd5e4a948731ee79f9d27) Importer(815301076,1909f56bfc062723c751e8b465ee728b)  -> (artifact id: 'b35b2b9c62dde041a2f732710832c8f1') in 0.004538 seconds 
  Import took 0.008981 seconds .

========================================================================
Received Import Request.
  Time since last request: 24.777213 seconds.
  path: Assets/Lab1/New Graph.vfx
  artifactKey: Guid(0d590d02333fd5e4a948731ee79f9d27) Importer(815301076,1909f56bfc062723c751e8b465ee728b)
Start importing Assets/Lab1/New Graph.vfx using Guid(0d590d02333fd5e4a948731ee79f9d27) Importer(815301076,1909f56bfc062723c751e8b465ee728b)  -> (artifact id: '0cbcbe38f400e82b7908ad9b7b420598') in 0.004495 seconds 
  Import took 0.008696 seconds .

========================================================================
Received Import Request.
  Time since last request: 43.493947 seconds.
  path: Assets/Lab1/New Graph.vfx
  artifactKey: Guid(0d590d02333fd5e4a948731ee79f9d27) Importer(815301076,1909f56bfc062723c751e8b465ee728b)
Start importing Assets/Lab1/New Graph.vfx using Guid(0d590d02333fd5e4a948731ee79f9d27) Importer(815301076,1909f56bfc062723c751e8b465ee728b)  -> (artifact id: 'c7e22eb8863664ae93a00d811aa47847') in 0.005185 seconds 
  Import took 0.011207 seconds .

========================================================================
Received Import Request.
  Time since last request: 2.293782 seconds.
  path: Assets/Lab1/New Graph.vfx
  artifactKey: Guid(0d590d02333fd5e4a948731ee79f9d27) Importer(815301076,1909f56bfc062723c751e8b465ee728b)
Start importing Assets/Lab1/New Graph.vfx using Guid(0d590d02333fd5e4a948731ee79f9d27) Importer(815301076,1909f56bfc062723c751e8b465ee728b)  -> (artifact id: 'f8196c775909b55974ab91b8163a759c') in 0.005114 seconds 
  Import took 0.009773 seconds .

========================================================================
Received Import Request.
  Time since last request: 28.086288 seconds.
  path: Assets/Lab1/New Graph.vfx
  artifactKey: Guid(0d590d02333fd5e4a948731ee79f9d27) Importer(815301076,1909f56bfc062723c751e8b465ee728b)
Start importing Assets/Lab1/New Graph.vfx using Guid(0d590d02333fd5e4a948731ee79f9d27) Importer(815301076,1909f56bfc062723c751e8b465ee728b)  -> (artifact id: '4ef81bc954d50c1c0e782ed7450d64e2') in 0.004384 seconds 
  Import took 0.009350 seconds .

========================================================================
Received Import Request.
  Time since last request: 13.877673 seconds.
  path: Assets/Lab1/New Graph.vfx
  artifactKey: Guid(0d590d02333fd5e4a948731ee79f9d27) Importer(815301076,1909f56bfc062723c751e8b465ee728b)
Start importing Assets/Lab1/New Graph.vfx using Guid(0d590d02333fd5e4a948731ee79f9d27) Importer(815301076,1909f56bfc062723c751e8b465ee728b)  -> (artifact id: 'ca90709314f1dcdf0d1e21ec2e30498c') in 0.004456 seconds 
  Import took 0.008825 seconds .

========================================================================
Received Import Request.
  Time since last request: 22.545873 seconds.
  path: Assets/Lab1/New Graph.vfx
  artifactKey: Guid(0d590d02333fd5e4a948731ee79f9d27) Importer(815301076,1909f56bfc062723c751e8b465ee728b)
Start importing Assets/Lab1/New Graph.vfx using Guid(0d590d02333fd5e4a948731ee79f9d27) Importer(815301076,1909f56bfc062723c751e8b465ee728b)  -> (artifact id: '5f72f56db253105727912f9e8fd9895a') in 0.004402 seconds 
  Import took 0.008963 seconds .

========================================================================
Received Import Request.
  Time since last request: 12.372641 seconds.
  path: Assets/Lab1/New Graph.vfx
  artifactKey: Guid(0d590d02333fd5e4a948731ee79f9d27) Importer(815301076,1909f56bfc062723c751e8b465ee728b)
Start importing Assets/Lab1/New Graph.vfx using Guid(0d590d02333fd5e4a948731ee79f9d27) Importer(815301076,1909f56bfc062723c751e8b465ee728b)  -> (artifact id: '649644add83d98c113643a554b916974') in 0.004298 seconds 
  Import took 0.008699 seconds .

========================================================================
Received Import Request.
  Time since last request: 17.801873 seconds.
  path: Assets/Lab1/New Graph.vfx
  artifactKey: Guid(0d590d02333fd5e4a948731ee79f9d27) Importer(815301076,1909f56bfc062723c751e8b465ee728b)
Start importing Assets/Lab1/New Graph.vfx using Guid(0d590d02333fd5e4a948731ee79f9d27) Importer(815301076,1909f56bfc062723c751e8b465ee728b)  -> (artifact id: '851ffb70a4414566aecebc41421c5039') in 0.014550 seconds 
  Import took 0.019596 seconds .

========================================================================
Received Import Request.
  Time since last request: 15.963377 seconds.
  path: Assets/Lab1/New Graph.vfx
  artifactKey: Guid(0d590d02333fd5e4a948731ee79f9d27) Importer(815301076,1909f56bfc062723c751e8b465ee728b)
Start importing Assets/Lab1/New Graph.vfx using Guid(0d590d02333fd5e4a948731ee79f9d27) Importer(815301076,1909f56bfc062723c751e8b465ee728b)  -> (artifact id: 'f82210e33f501f434388a336107cc0c9') in 0.004680 seconds 
  Import took 0.009263 seconds .

========================================================================
Received Import Request.
  Time since last request: 16.286573 seconds.
  path: Assets/Lab1/New Graph.vfx
  artifactKey: Guid(0d590d02333fd5e4a948731ee79f9d27) Importer(815301076,1909f56bfc062723c751e8b465ee728b)
Start importing Assets/Lab1/New Graph.vfx using Guid(0d590d02333fd5e4a948731ee79f9d27) Importer(815301076,1909f56bfc062723c751e8b465ee728b)  -> (artifact id: 'b73281e23f92f7c66fa3ae56f5f3d9b0') in 0.004796 seconds 
  Import took 0.009506 seconds .

========================================================================
Received Import Request.
  Time since last request: 4.191749 seconds.
  path: Assets/Lab1/New Graph.vfx
  artifactKey: Guid(0d590d02333fd5e4a948731ee79f9d27) Importer(815301076,1909f56bfc062723c751e8b465ee728b)
Start importing Assets/Lab1/New Graph.vfx using Guid(0d590d02333fd5e4a948731ee79f9d27) Importer(815301076,1909f56bfc062723c751e8b465ee728b)  -> (artifact id: 'bbd3f5720ff0c2540f671354e469e81f') in 0.004872 seconds 
  Import took 0.010319 seconds .

========================================================================
Received Import Request.
  Time since last request: 39.217829 seconds.
  path: Assets/Lab1/New Graph.vfx
  artifactKey: Guid(0d590d02333fd5e4a948731ee79f9d27) Importer(815301076,1909f56bfc062723c751e8b465ee728b)
Start importing Assets/Lab1/New Graph.vfx using Guid(0d590d02333fd5e4a948731ee79f9d27) Importer(815301076,1909f56bfc062723c751e8b465ee728b)  -> (artifact id: 'af34e98e1929cdceedc939bfb6149871') in 0.004607 seconds 
  Import took 0.009386 seconds .

========================================================================
Received Import Request.
  Time since last request: 36.145578 seconds.
  path: Assets/Lab1/New Graph.vfx
  artifactKey: Guid(0d590d02333fd5e4a948731ee79f9d27) Importer(815301076,1909f56bfc062723c751e8b465ee728b)
Start importing Assets/Lab1/New Graph.vfx using Guid(0d590d02333fd5e4a948731ee79f9d27) Importer(815301076,1909f56bfc062723c751e8b465ee728b)  -> (artifact id: '91e039ed585675dfcf193b4bac900257') in 0.006149 seconds 
  Import took 0.012122 seconds .

========================================================================
Received Import Request.
  Time since last request: 69.804710 seconds.
  path: Assets/Lab1/New Graph.vfx
  artifactKey: Guid(0d590d02333fd5e4a948731ee79f9d27) Importer(815301076,1909f56bfc062723c751e8b465ee728b)
Start importing Assets/Lab1/New Graph.vfx using Guid(0d590d02333fd5e4a948731ee79f9d27) Importer(815301076,1909f56bfc062723c751e8b465ee728b)  -> (artifact id: '20aba133e29a4b132eb0532fc9cbad89') in 0.005306 seconds 
  Import took 0.010521 seconds .

========================================================================
Received Import Request.
  Time since last request: 72.065646 seconds.
  path: Assets/Lab1/New Graph.vfx
  artifactKey: Guid(0d590d02333fd5e4a948731ee79f9d27) Importer(815301076,1909f56bfc062723c751e8b465ee728b)
Start importing Assets/Lab1/New Graph.vfx using Guid(0d590d02333fd5e4a948731ee79f9d27) Importer(815301076,1909f56bfc062723c751e8b465ee728b)  -> (artifact id: '6097166cb9417cd323ce3e79eb4de00d') in 0.004450 seconds 
  Import took 0.008738 seconds .

========================================================================
Received Import Request.
  Time since last request: 14.794355 seconds.
  path: Assets/Lab1/New Graph.vfx
  artifactKey: Guid(0d590d02333fd5e4a948731ee79f9d27) Importer(815301076,1909f56bfc062723c751e8b465ee728b)
Start importing Assets/Lab1/New Graph.vfx using Guid(0d590d02333fd5e4a948731ee79f9d27) Importer(815301076,1909f56bfc062723c751e8b465ee728b)  -> (artifact id: '2274c5424d0b654eb54979561b16a0b4') in 0.004434 seconds 
  Import took 0.009029 seconds .

========================================================================
Received Import Request.
  Time since last request: 47.795583 seconds.
  path: Assets/Lab1/New Graph.vfx
  artifactKey: Guid(0d590d02333fd5e4a948731ee79f9d27) Importer(815301076,1909f56bfc062723c751e8b465ee728b)
Start importing Assets/Lab1/New Graph.vfx using Guid(0d590d02333fd5e4a948731ee79f9d27) Importer(815301076,1909f56bfc062723c751e8b465ee728b)  -> (artifact id: 'e8cf24eeeefdf4e911d341c36123f750') in 0.004479 seconds 
  Import took 0.008898 seconds .

========================================================================
Received Import Request.
  Time since last request: 2.953324 seconds.
  path: Assets/Lab1/New Graph.vfx
  artifactKey: Guid(0d590d02333fd5e4a948731ee79f9d27) Importer(815301076,1909f56bfc062723c751e8b465ee728b)
Start importing Assets/Lab1/New Graph.vfx using Guid(0d590d02333fd5e4a948731ee79f9d27) Importer(815301076,1909f56bfc062723c751e8b465ee728b)  -> (artifact id: '1f84fe68fecb077c41833be51fa0ba07') in 0.004448 seconds 
  Import took 0.008949 seconds .

========================================================================
Received Import Request.
  Time since last request: 48.238449 seconds.
  path: Assets/Lab1/New Graph.vfx
  artifactKey: Guid(0d590d02333fd5e4a948731ee79f9d27) Importer(815301076,1909f56bfc062723c751e8b465ee728b)
Start importing Assets/Lab1/New Graph.vfx using Guid(0d590d02333fd5e4a948731ee79f9d27) Importer(815301076,1909f56bfc062723c751e8b465ee728b)  -> (artifact id: '84ef09d292234acb164ce5579d3a4666') in 0.004228 seconds 
  Import took 0.008519 seconds .

========================================================================
Received Import Request.
  Time since last request: 8.806310 seconds.
  path: Assets/Lab1/New Graph.vfx
  artifactKey: Guid(0d590d02333fd5e4a948731ee79f9d27) Importer(815301076,1909f56bfc062723c751e8b465ee728b)
Start importing Assets/Lab1/New Graph.vfx using Guid(0d590d02333fd5e4a948731ee79f9d27) Importer(815301076,1909f56bfc062723c751e8b465ee728b)  -> (artifact id: '5fa4a2caa9c8c813ee7f6ca6b79fea11') in 0.004212 seconds 
  Import took 0.008526 seconds .

========================================================================
Received Import Request.
  Time since last request: 17.144243 seconds.
  path: Assets/Lab1/New Graph.vfx
  artifactKey: Guid(0d590d02333fd5e4a948731ee79f9d27) Importer(815301076,1909f56bfc062723c751e8b465ee728b)
Start importing Assets/Lab1/New Graph.vfx using Guid(0d590d02333fd5e4a948731ee79f9d27) Importer(815301076,1909f56bfc062723c751e8b465ee728b)  -> (artifact id: '78fbc4242917c85b649f39e15dab3189') in 0.004050 seconds 
  Import took 0.008456 seconds .

========================================================================
Received Import Request.
  Time since last request: 9.766161 seconds.
  path: Assets/Lab1/New Graph.vfx
  artifactKey: Guid(0d590d02333fd5e4a948731ee79f9d27) Importer(815301076,1909f56bfc062723c751e8b465ee728b)
Start importing Assets/Lab1/New Graph.vfx using Guid(0d590d02333fd5e4a948731ee79f9d27) Importer(815301076,1909f56bfc062723c751e8b465ee728b)  -> (artifact id: 'd237cb05f8463efdd62e29f45a221bc5') in 0.004668 seconds 
  Import took 0.009035 seconds .

========================================================================
Received Import Request.
  Time since last request: 12.400668 seconds.
  path: Assets/Lab1/New Graph.vfx
  artifactKey: Guid(0d590d02333fd5e4a948731ee79f9d27) Importer(815301076,1909f56bfc062723c751e8b465ee728b)
Start importing Assets/Lab1/New Graph.vfx using Guid(0d590d02333fd5e4a948731ee79f9d27) Importer(815301076,1909f56bfc062723c751e8b465ee728b)  -> (artifact id: '30368ec653b1df9efbfec242917d773c') in 0.003908 seconds 
  Import took 0.008369 seconds .

========================================================================
Received Import Request.
  Time since last request: 8.922826 seconds.
  path: Assets/Lab1/New Graph.vfx
  artifactKey: Guid(0d590d02333fd5e4a948731ee79f9d27) Importer(815301076,1909f56bfc062723c751e8b465ee728b)
Start importing Assets/Lab1/New Graph.vfx using Guid(0d590d02333fd5e4a948731ee79f9d27) Importer(815301076,1909f56bfc062723c751e8b465ee728b)  -> (artifact id: '84c421ee796cd6fe12ed367f35fcb576') in 0.004553 seconds 
  Import took 0.009015 seconds .

========================================================================
Received Import Request.
  Time since last request: 5.830631 seconds.
  path: Assets/Lab1/New Graph.vfx
  artifactKey: Guid(0d590d02333fd5e4a948731ee79f9d27) Importer(815301076,1909f56bfc062723c751e8b465ee728b)
Start importing Assets/Lab1/New Graph.vfx using Guid(0d590d02333fd5e4a948731ee79f9d27) Importer(815301076,1909f56bfc062723c751e8b465ee728b)  -> (artifact id: '04278f28388aae654af36e2f675f1118') in 0.004619 seconds 
  Import took 0.010046 seconds .

========================================================================
Received Import Request.
  Time since last request: 8.951897 seconds.
  path: Assets/Lab1/New Graph.vfx
  artifactKey: Guid(0d590d02333fd5e4a948731ee79f9d27) Importer(815301076,1909f56bfc062723c751e8b465ee728b)
Start importing Assets/Lab1/New Graph.vfx using Guid(0d590d02333fd5e4a948731ee79f9d27) Importer(815301076,1909f56bfc062723c751e8b465ee728b)  -> (artifact id: '717c8873e4f8f4a4c0c3e379f0579c7d') in 0.003836 seconds 
  Import took 0.008292 seconds .

========================================================================
Received Import Request.
  Time since last request: 48.980250 seconds.
  path: Assets/Lab1/New Graph.vfx
  artifactKey: Guid(0d590d02333fd5e4a948731ee79f9d27) Importer(815301076,1909f56bfc062723c751e8b465ee728b)
Start importing Assets/Lab1/New Graph.vfx using Guid(0d590d02333fd5e4a948731ee79f9d27) Importer(815301076,1909f56bfc062723c751e8b465ee728b)  -> (artifact id: '2c57455fb8ec62cd42573184d4a0402c') in 0.004444 seconds 
  Import took 0.009163 seconds .

========================================================================
Received Import Request.
  Time since last request: 2.074968 seconds.
  path: Assets/Lab1/New Graph.vfx
  artifactKey: Guid(0d590d02333fd5e4a948731ee79f9d27) Importer(815301076,1909f56bfc062723c751e8b465ee728b)
Start importing Assets/Lab1/New Graph.vfx using Guid(0d590d02333fd5e4a948731ee79f9d27) Importer(815301076,1909f56bfc062723c751e8b465ee728b)  -> (artifact id: '816487dd2a653d81e62dfc2e06a9edd2') in 0.004405 seconds 
  Import took 0.008582 seconds .

========================================================================
Received Import Request.
  Time since last request: 18.190304 seconds.
  path: Assets/Lab1/New Graph.vfx
  artifactKey: Guid(0d590d02333fd5e4a948731ee79f9d27) Importer(815301076,1909f56bfc062723c751e8b465ee728b)
Start importing Assets/Lab1/New Graph.vfx using Guid(0d590d02333fd5e4a948731ee79f9d27) Importer(815301076,1909f56bfc062723c751e8b465ee728b)  -> (artifact id: '896f3cc4c07ef54adcfe28c501d3804a') in 0.004188 seconds 
  Import took 0.008657 seconds .

========================================================================
Received Import Request.
  Time since last request: 31.690491 seconds.
  path: Assets/Lab1/New Graph.vfx
  artifactKey: Guid(0d590d02333fd5e4a948731ee79f9d27) Importer(815301076,1909f56bfc062723c751e8b465ee728b)
Start importing Assets/Lab1/New Graph.vfx using Guid(0d590d02333fd5e4a948731ee79f9d27) Importer(815301076,1909f56bfc062723c751e8b465ee728b)  -> (artifact id: '1b60fba3f81e1795fd8f01c2b7824292') in 0.004322 seconds 
  Import took 0.008573 seconds .

AssetImportWorkerClient::OnTransportError - code=2 error=End of file
